2020-05-13 16:44:22.438  INFO 9388 --- [main] c.z.r.c.RacConfigServiceApplication      : Starting RacConfigServiceApplication on DINESH-W with PID 9388 (/Users/dineshw/Drive/Projects/RAC/Code/rac-config-service/target/classes started by dineshw in /Users/dineshw/Drive/Projects/RAC/Code/rac-config-service)
2020-05-13 16:44:22.441  INFO 9388 --- [main] c.z.r.c.RacConfigServiceApplication      : No active profile set, falling back to default profiles: default
2020-05-13 16:44:23.168  INFO 9388 --- [main] .s.d.r.c.RepositoryConfigurationDelegate : Bootstrapping Spring Data JPA repositories in DEFAULT mode.
2020-05-13 16:44:23.228  INFO 9388 --- [main] .s.d.r.c.RepositoryConfigurationDelegate : Finished Spring Data repository scanning in 52ms. Found 2 JPA repository interfaces.
2020-05-13 16:44:23.660  INFO 9388 --- [main] o.s.b.w.embedded.tomcat.TomcatWebServer  : Tomcat initialized with port(s): 8081 (http)
2020-05-13 16:44:23.666  INFO 9388 --- [main] o.apache.catalina.core.StandardService   : Starting service [Tomcat]
2020-05-13 16:44:23.667  INFO 9388 --- [main] org.apache.catalina.core.StandardEngine  : Starting Servlet engine: [Apache Tomcat/9.0.33]
2020-05-13 16:44:23.741  INFO 9388 --- [main] o.a.c.c.C.[Tomcat].[localhost].[/]       : Initializing Spring embedded WebApplicationContext
2020-05-13 16:44:23.741  INFO 9388 --- [main] o.s.web.context.ContextLoader            : Root WebApplicationContext: initialization completed in 1269 ms
2020-05-13 16:44:24.018  INFO 9388 --- [main] com.zaxxer.hikari.HikariDataSource       : HikariPool-1 - Starting...
2020-05-13 16:44:24.084  INFO 9388 --- [main] com.zaxxer.hikari.HikariDataSource       : HikariPool-1 - Start completed.
2020-05-13 16:44:24.196  INFO 9388 --- [main] o.hibernate.jpa.internal.util.LogHelper  : HHH000204: Processing PersistenceUnitInfo [name: default]
2020-05-13 16:44:24.247  INFO 9388 --- [main] org.hibernate.Version                    : HHH000412: Hibernate ORM core version 5.4.12.Final
2020-05-13 16:44:24.341  INFO 9388 --- [main] o.hibernate.annotations.common.Version   : HCANN000001: Hibernate Commons Annotations {5.1.0.Final}
2020-05-13 16:44:24.422  INFO 9388 --- [main] org.hibernate.dialect.Dialect            : HHH000400: Using dialect: org.hibernate.dialect.MariaDB103Dialect
2020-05-13 16:44:24.850  INFO 9388 --- [main] o.h.e.t.j.p.i.JtaPlatformInitiator       : HHH000490: Using JtaPlatform implementation: [org.hibernate.engine.transaction.jta.platform.internal.NoJtaPlatform]
2020-05-13 16:44:24.856  INFO 9388 --- [main] j.LocalContainerEntityManagerFactoryBean : Initialized JPA EntityManagerFactory for persistence unit 'default'
2020-05-13 16:44:25.171  WARN 9388 --- [main] JpaBaseConfiguration$JpaWebConfiguration : spring.jpa.open-in-view is enabled by default. Therefore, database queries may be performed during view rendering. Explicitly configure spring.jpa.open-in-view to disable this warning
2020-05-13 16:44:25.226  INFO 9388 --- [main] o.s.s.concurrent.ThreadPoolTaskExecutor  : Initializing ExecutorService 'applicationTaskExecutor'
2020-05-13 16:44:25.511  INFO 9388 --- [main] o.s.b.a.e.web.EndpointLinksResolver      : Exposing 2 endpoint(s) beneath base path '/actuator'
2020-05-13 16:44:25.568  INFO 9388 --- [main] o.s.b.w.embedded.tomcat.TomcatWebServer  : Tomcat started on port(s): 8081 (http) with context path ''
2020-05-13 16:44:25.570  INFO 9388 --- [main] c.z.r.c.RacConfigServiceApplication      : Started RacConfigServiceApplication in 3.396 seconds (JVM running for 3.856)
2020-05-13 16:44:25.843  INFO 9388 --- [RMI TCP Connection(2)-192.168.1.3] o.a.c.c.C.[Tomcat].[localhost].[/]       : Initializing Spring DispatcherServlet 'dispatcherServlet'
2020-05-13 16:44:25.844  INFO 9388 --- [RMI TCP Connection(2)-192.168.1.3] o.s.web.servlet.DispatcherServlet        : Initializing Servlet 'dispatcherServlet'
2020-05-13 16:44:25.849  INFO 9388 --- [RMI TCP Connection(2)-192.168.1.3] o.s.web.servlet.DispatcherServlet        : Completed initialization in 5 ms
2020-05-13 18:09:33.671  INFO 12011 --- [main] c.z.r.c.metadata.MetadataServiceTest     : Starting MetadataServiceTest on DINESH-W with PID 12011 (started by dineshw in /Users/dineshw/Drive/Projects/RAC/Code/rac-config-service)
2020-05-13 18:09:33.673  INFO 12011 --- [main] c.z.r.c.metadata.MetadataServiceTest     : No active profile set, falling back to default profiles: default
2020-05-13 18:09:34.709  INFO 12011 --- [main] .s.d.r.c.RepositoryConfigurationDelegate : Bootstrapping Spring Data JPA repositories in DEFAULT mode.
2020-05-13 18:09:34.938  INFO 12011 --- [main] .s.d.r.c.RepositoryConfigurationDelegate : Finished Spring Data repository scanning in 220ms. Found 5 JPA repository interfaces.
2020-05-13 18:09:35.589  INFO 12011 --- [main] com.zaxxer.hikari.HikariDataSource       : HikariPool-1 - Starting...
2020-05-13 18:09:35.732  INFO 12011 --- [main] com.zaxxer.hikari.HikariDataSource       : HikariPool-1 - Start completed.
2020-05-13 18:09:35.793  INFO 12011 --- [main] o.hibernate.jpa.internal.util.LogHelper  : HHH000204: Processing PersistenceUnitInfo [name: default]
2020-05-13 18:09:35.860  INFO 12011 --- [main] org.hibernate.Version                    : HHH000412: Hibernate ORM core version 5.4.12.Final
2020-05-13 18:09:35.990  INFO 12011 --- [main] o.hibernate.annotations.common.Version   : HCANN000001: Hibernate Commons Annotations {5.1.0.Final}
2020-05-13 18:09:36.111  INFO 12011 --- [main] org.hibernate.dialect.Dialect            : HHH000400: Using dialect: org.hibernate.dialect.MariaDB103Dialect
2020-05-13 18:09:36.725  INFO 12011 --- [main] o.h.e.t.j.p.i.JtaPlatformInitiator       : HHH000490: Using JtaPlatform implementation: [org.hibernate.engine.transaction.jta.platform.internal.NoJtaPlatform]
2020-05-13 18:09:36.733  INFO 12011 --- [main] j.LocalContainerEntityManagerFactoryBean : Initialized JPA EntityManagerFactory for persistence unit 'default'
2020-05-13 18:09:37.501  WARN 12011 --- [main] JpaBaseConfiguration$JpaWebConfiguration : spring.jpa.open-in-view is enabled by default. Therefore, database queries may be performed during view rendering. Explicitly configure spring.jpa.open-in-view to disable this warning
2020-05-13 18:09:37.744  INFO 12011 --- [main] o.s.s.concurrent.ThreadPoolTaskExecutor  : Initializing ExecutorService 'applicationTaskExecutor'
2020-05-13 18:09:38.542  INFO 12011 --- [main] o.s.b.a.e.web.EndpointLinksResolver      : Exposing 2 endpoint(s) beneath base path '/actuator'
2020-05-13 18:09:38.600  INFO 12011 --- [main] c.z.r.c.metadata.MetadataServiceTest     : Started MetadataServiceTest in 5.259 seconds (JVM running for 6.375)
2020-05-13 18:09:38.993  INFO 12011 --- [main] o.s.t.c.s.DefaultTestContextBootstrapper : Neither @ContextConfiguration nor @ContextHierarchy found for test class [com.zone24x7.rac.configservice.metadata.MetadataServiceTest$AddPlaceholder], using DelegatingSmartContextLoader
2020-05-13 18:09:38.994  INFO 12011 --- [main] o.s.t.c.support.AbstractContextLoader    : Could not detect default resource locations for test class [com.zone24x7.rac.configservice.metadata.MetadataServiceTest$AddPlaceholder]: no resource found for suffixes {-context.xml}.
2020-05-13 18:09:38.995  INFO 12011 --- [main] t.c.s.AnnotationConfigContextLoaderUtils : Could not detect default configuration classes for test class [com.zone24x7.rac.configservice.metadata.MetadataServiceTest$AddPlaceholder]: AddPlaceholder does not declare any static, non-private, non-final, nested classes annotated with @Configuration.
2020-05-13 18:09:38.996  INFO 12011 --- [main] o.s.t.c.s.DefaultTestContextBootstrapper : Loaded default TestExecutionListener class names from location [META-INF/spring.factories]: [org.springframework.boot.test.mock.mockito.MockitoTestExecutionListener, org.springframework.boot.test.mock.mockito.ResetMocksTestExecutionListener, org.springframework.boot.test.autoconfigure.restdocs.RestDocsTestExecutionListener, org.springframework.boot.test.autoconfigure.web.client.MockRestServiceServerResetTestExecutionListener, org.springframework.boot.test.autoconfigure.web.servlet.MockMvcPrintOnlyOnFailureTestExecutionListener, org.springframework.boot.test.autoconfigure.web.servlet.WebDriverTestExecutionListener, org.springframework.test.context.web.ServletTestExecutionListener, org.springframework.test.context.support.DirtiesContextBeforeModesTestExecutionListener, org.springframework.test.context.support.DependencyInjectionTestExecutionListener, org.springframework.test.context.support.DirtiesContextTestExecutionListener, org.springframework.test.context.transaction.TransactionalTestExecutionListener, org.springframework.test.context.jdbc.SqlScriptsTestExecutionListener, org.springframework.test.context.event.EventPublishingTestExecutionListener]
2020-05-13 18:09:38.996  INFO 12011 --- [main] o.s.t.c.s.DefaultTestContextBootstrapper : Using TestExecutionListeners: [org.springframework.test.context.web.ServletTestExecutionListener@6cc44207, org.springframework.test.context.support.DirtiesContextBeforeModesTestExecutionListener@8ecc457, org.springframework.boot.test.mock.mockito.MockitoTestExecutionListener@21d3d6ec, org.springframework.test.context.support.DependencyInjectionTestExecutionListener@49f1184e, org.springframework.test.context.support.DirtiesContextTestExecutionListener@7ebaf0d, org.springframework.test.context.transaction.TransactionalTestExecutionListener@694b1ddb, org.springframework.test.context.jdbc.SqlScriptsTestExecutionListener@5690c2a8, org.springframework.test.context.event.EventPublishingTestExecutionListener@17e2835c, org.springframework.boot.test.mock.mockito.ResetMocksTestExecutionListener@4d2bc56a, org.springframework.boot.test.autoconfigure.restdocs.RestDocsTestExecutionListener@7cbfbcd1, org.springframework.boot.test.autoconfigure.web.client.MockRestServiceServerResetTestExecutionListener@2c6aa46c, org.springframework.boot.test.autoconfigure.web.servlet.MockMvcPrintOnlyOnFailureTestExecutionListener@2f112ade, org.springframework.boot.test.autoconfigure.web.servlet.WebDriverTestExecutionListener@3c82bac3]
2020-05-13 18:09:39.044  INFO 12011 --- [main] o.s.t.c.s.DefaultTestContextBootstrapper : Neither @ContextConfiguration nor @ContextHierarchy found for test class [com.zone24x7.rac.configservice.metadata.MetadataServiceTest$AddPage], using DelegatingSmartContextLoader
2020-05-13 18:09:39.045  INFO 12011 --- [main] o.s.t.c.support.AbstractContextLoader    : Could not detect default resource locations for test class [com.zone24x7.rac.configservice.metadata.MetadataServiceTest$AddPage]: no resource found for suffixes {-context.xml}.
2020-05-13 18:09:39.045  INFO 12011 --- [main] t.c.s.AnnotationConfigContextLoaderUtils : Could not detect default configuration classes for test class [com.zone24x7.rac.configservice.metadata.MetadataServiceTest$AddPage]: AddPage does not declare any static, non-private, non-final, nested classes annotated with @Configuration.
2020-05-13 18:09:39.046  INFO 12011 --- [main] o.s.t.c.s.DefaultTestContextBootstrapper : Loaded default TestExecutionListener class names from location [META-INF/spring.factories]: [org.springframework.boot.test.mock.mockito.MockitoTestExecutionListener, org.springframework.boot.test.mock.mockito.ResetMocksTestExecutionListener, org.springframework.boot.test.autoconfigure.restdocs.RestDocsTestExecutionListener, org.springframework.boot.test.autoconfigure.web.client.MockRestServiceServerResetTestExecutionListener, org.springframework.boot.test.autoconfigure.web.servlet.MockMvcPrintOnlyOnFailureTestExecutionListener, org.springframework.boot.test.autoconfigure.web.servlet.WebDriverTestExecutionListener, org.springframework.test.context.web.ServletTestExecutionListener, org.springframework.test.context.support.DirtiesContextBeforeModesTestExecutionListener, org.springframework.test.context.support.DependencyInjectionTestExecutionListener, org.springframework.test.context.support.DirtiesContextTestExecutionListener, org.springframework.test.context.transaction.TransactionalTestExecutionListener, org.springframework.test.context.jdbc.SqlScriptsTestExecutionListener, org.springframework.test.context.event.EventPublishingTestExecutionListener]
2020-05-13 18:09:39.046  INFO 12011 --- [main] o.s.t.c.s.DefaultTestContextBootstrapper : Using TestExecutionListeners: [org.springframework.test.context.web.ServletTestExecutionListener@361b3ca6, org.springframework.test.context.support.DirtiesContextBeforeModesTestExecutionListener@48333b12, org.springframework.boot.test.mock.mockito.MockitoTestExecutionListener@575c23f1, org.springframework.test.context.support.DependencyInjectionTestExecutionListener@62f7d7bd, org.springframework.test.context.support.DirtiesContextTestExecutionListener@de63949, org.springframework.test.context.transaction.TransactionalTestExecutionListener@5c5c784c, org.springframework.test.context.jdbc.SqlScriptsTestExecutionListener@6a299b9d, org.springframework.test.context.event.EventPublishingTestExecutionListener@363fe35a, org.springframework.boot.test.mock.mockito.ResetMocksTestExecutionListener@a2fb8a5, org.springframework.boot.test.autoconfigure.restdocs.RestDocsTestExecutionListener@350e3fb4, org.springframework.boot.test.autoconfigure.web.client.MockRestServiceServerResetTestExecutionListener@13ddaffb, org.springframework.boot.test.autoconfigure.web.servlet.MockMvcPrintOnlyOnFailureTestExecutionListener@5a31abe9, org.springframework.boot.test.autoconfigure.web.servlet.WebDriverTestExecutionListener@2dacda9a]
2020-05-13 18:09:39.087  INFO 12011 --- [main] o.s.t.c.s.DefaultTestContextBootstrapper : Neither @ContextConfiguration nor @ContextHierarchy found for test class [com.zone24x7.rac.configservice.metadata.MetadataServiceTest$AddChannel], using DelegatingSmartContextLoader
2020-05-13 18:09:39.088  INFO 12011 --- [main] o.s.t.c.support.AbstractContextLoader    : Could not detect default resource locations for test class [com.zone24x7.rac.configservice.metadata.MetadataServiceTest$AddChannel]: no resource found for suffixes {-context.xml}.
2020-05-13 18:09:39.089  INFO 12011 --- [main] t.c.s.AnnotationConfigContextLoaderUtils : Could not detect default configuration classes for test class [com.zone24x7.rac.configservice.metadata.MetadataServiceTest$AddChannel]: AddChannel does not declare any static, non-private, non-final, nested classes annotated with @Configuration.
2020-05-13 18:09:39.090  INFO 12011 --- [main] o.s.t.c.s.DefaultTestContextBootstrapper : Loaded default TestExecutionListener class names from location [META-INF/spring.factories]: [org.springframework.boot.test.mock.mockito.MockitoTestExecutionListener, org.springframework.boot.test.mock.mockito.ResetMocksTestExecutionListener, org.springframework.boot.test.autoconfigure.restdocs.RestDocsTestExecutionListener, org.springframework.boot.test.autoconfigure.web.client.MockRestServiceServerResetTestExecutionListener, org.springframework.boot.test.autoconfigure.web.servlet.MockMvcPrintOnlyOnFailureTestExecutionListener, org.springframework.boot.test.autoconfigure.web.servlet.WebDriverTestExecutionListener, org.springframework.test.context.web.ServletTestExecutionListener, org.springframework.test.context.support.DirtiesContextBeforeModesTestExecutionListener, org.springframework.test.context.support.DependencyInjectionTestExecutionListener, org.springframework.test.context.support.DirtiesContextTestExecutionListener, org.springframework.test.context.transaction.TransactionalTestExecutionListener, org.springframework.test.context.jdbc.SqlScriptsTestExecutionListener, org.springframework.test.context.event.EventPublishingTestExecutionListener]
2020-05-13 18:09:39.091  INFO 12011 --- [main] o.s.t.c.s.DefaultTestContextBootstrapper : Using TestExecutionListeners: [org.springframework.test.context.web.ServletTestExecutionListener@efa04b5, org.springframework.test.context.support.DirtiesContextBeforeModesTestExecutionListener@a80a896, org.springframework.boot.test.mock.mockito.MockitoTestExecutionListener@13c81bc5, org.springframework.test.context.support.DependencyInjectionTestExecutionListener@5617168c, org.springframework.test.context.support.DirtiesContextTestExecutionListener@8167f57, org.springframework.test.context.transaction.TransactionalTestExecutionListener@75da2db, org.springframework.test.context.jdbc.SqlScriptsTestExecutionListener@541897c6, org.springframework.test.context.event.EventPublishingTestExecutionListener@3ad558bf, org.springframework.boot.test.mock.mockito.ResetMocksTestExecutionListener@1826475, org.springframework.boot.test.autoconfigure.restdocs.RestDocsTestExecutionListener@6ba355e4, org.springframework.boot.test.autoconfigure.web.client.MockRestServiceServerResetTestExecutionListener@7b1559f1, org.springframework.boot.test.autoconfigure.web.servlet.MockMvcPrintOnlyOnFailureTestExecutionListener@6b15e68c, org.springframework.boot.test.autoconfigure.web.servlet.WebDriverTestExecutionListener@79a68657]
2020-05-13 18:09:39.161  INFO 12011 --- [SpringContextShutdownHook] o.s.s.concurrent.ThreadPoolTaskExecutor  : Shutting down ExecutorService 'applicationTaskExecutor'
2020-05-13 18:09:39.165  INFO 12011 --- [SpringContextShutdownHook] j.LocalContainerEntityManagerFactoryBean : Closing JPA EntityManagerFactory for persistence unit 'default'
2020-05-13 18:09:39.166  INFO 12011 --- [SpringContextShutdownHook] com.zaxxer.hikari.HikariDataSource       : HikariPool-1 - Shutdown initiated...
2020-05-13 18:09:39.207  INFO 12011 --- [SpringContextShutdownHook] com.zaxxer.hikari.HikariDataSource       : HikariPool-1 - Shutdown completed.
2020-05-13 18:09:52.168  INFO 12019 --- [main] c.z.r.c.metadata.MetadataControllerTest  : Starting MetadataControllerTest on DINESH-W with PID 12019 (started by dineshw in /Users/dineshw/Drive/Projects/RAC/Code/rac-config-service)
2020-05-13 18:09:52.170  INFO 12019 --- [main] c.z.r.c.metadata.MetadataControllerTest  : No active profile set, falling back to default profiles: default
2020-05-13 18:09:53.739  INFO 12019 --- [main] o.s.s.concurrent.ThreadPoolTaskExecutor  : Initializing ExecutorService 'applicationTaskExecutor'
2020-05-13 18:09:53.931  INFO 12019 --- [main] o.s.b.t.m.w.SpringBootMockServletContext : Initializing Spring TestDispatcherServlet ''
2020-05-13 18:09:53.932  INFO 12019 --- [main] o.s.t.web.servlet.TestDispatcherServlet  : Initializing Servlet ''
2020-05-13 18:09:53.942  INFO 12019 --- [main] o.s.t.web.servlet.TestDispatcherServlet  : Completed initialization in 10 ms
2020-05-13 18:09:53.972  INFO 12019 --- [main] c.z.r.c.metadata.MetadataControllerTest  : Started MetadataControllerTest in 2.105 seconds (JVM running for 3.155)
2020-05-13 18:09:54.292  INFO 12019 --- [SpringContextShutdownHook] o.s.s.concurrent.ThreadPoolTaskExecutor  : Shutting down ExecutorService 'applicationTaskExecutor'
2020-05-13 18:17:38.999  INFO 12123 --- [main] c.z.r.c.metadata.MetadataControllerTest  : Starting MetadataControllerTest on DINESH-W with PID 12123 (started by dineshw in /Users/dineshw/Drive/Projects/RAC/Code/rac-config-service)
2020-05-13 18:17:39.002  INFO 12123 --- [main] c.z.r.c.metadata.MetadataControllerTest  : No active profile set, falling back to default profiles: default
2020-05-13 18:17:40.584  INFO 12123 --- [main] o.s.s.concurrent.ThreadPoolTaskExecutor  : Initializing ExecutorService 'applicationTaskExecutor'
2020-05-13 18:17:40.815  INFO 12123 --- [main] o.s.b.t.m.w.SpringBootMockServletContext : Initializing Spring TestDispatcherServlet ''
2020-05-13 18:17:40.816  INFO 12123 --- [main] o.s.t.web.servlet.TestDispatcherServlet  : Initializing Servlet ''
2020-05-13 18:17:40.830  INFO 12123 --- [main] o.s.t.web.servlet.TestDispatcherServlet  : Completed initialization in 14 ms
2020-05-13 18:17:40.865  INFO 12123 --- [main] c.z.r.c.metadata.MetadataControllerTest  : Started MetadataControllerTest in 2.222 seconds (JVM running for 3.563)
2020-05-13 18:17:41.229  INFO 12123 --- [main] .b.t.c.SpringBootTestContextBootstrapper : Neither @ContextConfiguration nor @ContextHierarchy found for test class [com.zone24x7.rac.configservice.metadata.MetadataServiceTest], using SpringBootContextLoader
2020-05-13 18:17:41.230  INFO 12123 --- [main] o.s.t.c.support.AbstractContextLoader    : Could not detect default resource locations for test class [com.zone24x7.rac.configservice.metadata.MetadataServiceTest]: no resource found for suffixes {-context.xml, Context.groovy}.
2020-05-13 18:17:41.230  INFO 12123 --- [main] t.c.s.AnnotationConfigContextLoaderUtils : Could not detect default configuration classes for test class [com.zone24x7.rac.configservice.metadata.MetadataServiceTest]: MetadataServiceTest does not declare any static, non-private, non-final, nested classes annotated with @Configuration.
2020-05-13 18:17:41.233  INFO 12123 --- [main] .b.t.c.SpringBootTestContextBootstrapper : Found @SpringBootConfiguration com.zone24x7.rac.configservice.RacConfigServiceApplication for test class com.zone24x7.rac.configservice.metadata.MetadataServiceTest
2020-05-13 18:17:41.234  INFO 12123 --- [main] .b.t.c.SpringBootTestContextBootstrapper : Loaded default TestExecutionListener class names from location [META-INF/spring.factories]: [org.springframework.boot.test.mock.mockito.MockitoTestExecutionListener, org.springframework.boot.test.mock.mockito.ResetMocksTestExecutionListener, org.springframework.boot.test.autoconfigure.restdocs.RestDocsTestExecutionListener, org.springframework.boot.test.autoconfigure.web.client.MockRestServiceServerResetTestExecutionListener, org.springframework.boot.test.autoconfigure.web.servlet.MockMvcPrintOnlyOnFailureTestExecutionListener, org.springframework.boot.test.autoconfigure.web.servlet.WebDriverTestExecutionListener, org.springframework.test.context.web.ServletTestExecutionListener, org.springframework.test.context.support.DirtiesContextBeforeModesTestExecutionListener, org.springframework.test.context.support.DependencyInjectionTestExecutionListener, org.springframework.test.context.support.DirtiesContextTestExecutionListener, org.springframework.test.context.transaction.TransactionalTestExecutionListener, org.springframework.test.context.jdbc.SqlScriptsTestExecutionListener, org.springframework.test.context.event.EventPublishingTestExecutionListener]
2020-05-13 18:17:41.234  INFO 12123 --- [main] .b.t.c.SpringBootTestContextBootstrapper : Using TestExecutionListeners: [org.springframework.test.context.web.ServletTestExecutionListener@7b61bf11, org.springframework.test.context.support.DirtiesContextBeforeModesTestExecutionListener@40247d48, org.springframework.boot.test.mock.mockito.MockitoTestExecutionListener@3ff54f3d, org.springframework.boot.test.autoconfigure.SpringBootDependencyInjectionTestExecutionListener@14c93774, org.springframework.test.context.support.DirtiesContextTestExecutionListener@62a68bcb, org.springframework.test.context.transaction.TransactionalTestExecutionListener@18b74ea, org.springframework.test.context.jdbc.SqlScriptsTestExecutionListener@14924f41, org.springframework.test.context.event.EventPublishingTestExecutionListener@493da830, org.springframework.boot.test.mock.mockito.ResetMocksTestExecutionListener@1f939a0f, org.springframework.boot.test.autoconfigure.restdocs.RestDocsTestExecutionListener@45658133, org.springframework.boot.test.autoconfigure.web.client.MockRestServiceServerResetTestExecutionListener@430b2699, org.springframework.boot.test.autoconfigure.web.servlet.MockMvcPrintOnlyOnFailureTestExecutionListener@67536ae0, org.springframework.boot.test.autoconfigure.web.servlet.WebDriverTestExecutionListener@6413d7e7]
2020-05-13 18:17:41.264  INFO 12123 --- [main] c.z.r.c.metadata.MetadataServiceTest     : Starting MetadataServiceTest on DINESH-W with PID 12123 (started by dineshw in /Users/dineshw/Drive/Projects/RAC/Code/rac-config-service)
2020-05-13 18:17:41.264  INFO 12123 --- [main] c.z.r.c.metadata.MetadataServiceTest     : No active profile set, falling back to default profiles: default
2020-05-13 18:17:41.716  INFO 12123 --- [main] .s.d.r.c.RepositoryConfigurationDelegate : Bootstrapping Spring Data JPA repositories in DEFAULT mode.
2020-05-13 18:17:41.788  INFO 12123 --- [main] .s.d.r.c.RepositoryConfigurationDelegate : Finished Spring Data repository scanning in 64ms. Found 5 JPA repository interfaces.
2020-05-13 18:17:42.124  INFO 12123 --- [main] com.zaxxer.hikari.HikariDataSource       : HikariPool-1 - Starting...
2020-05-13 18:17:42.226  INFO 12123 --- [main] com.zaxxer.hikari.HikariDataSource       : HikariPool-1 - Start completed.
2020-05-13 18:17:42.292  INFO 12123 --- [main] o.hibernate.jpa.internal.util.LogHelper  : HHH000204: Processing PersistenceUnitInfo [name: default]
2020-05-13 18:17:42.370  INFO 12123 --- [main] org.hibernate.Version                    : HHH000412: Hibernate ORM core version 5.4.12.Final
2020-05-13 18:17:42.413  INFO 12123 --- [main] o.hibernate.annotations.common.Version   : HCANN000001: Hibernate Commons Annotations {5.1.0.Final}
2020-05-13 18:17:42.549  INFO 12123 --- [main] org.hibernate.dialect.Dialect            : HHH000400: Using dialect: org.hibernate.dialect.MariaDB103Dialect
2020-05-13 18:17:43.092  INFO 12123 --- [main] o.h.e.t.j.p.i.JtaPlatformInitiator       : HHH000490: Using JtaPlatform implementation: [org.hibernate.engine.transaction.jta.platform.internal.NoJtaPlatform]
2020-05-13 18:17:43.100  INFO 12123 --- [main] j.LocalContainerEntityManagerFactoryBean : Initialized JPA EntityManagerFactory for persistence unit 'default'
2020-05-13 18:17:43.872  WARN 12123 --- [main] JpaBaseConfiguration$JpaWebConfiguration : spring.jpa.open-in-view is enabled by default. Therefore, database queries may be performed during view rendering. Explicitly configure spring.jpa.open-in-view to disable this warning
2020-05-13 18:17:44.048  INFO 12123 --- [main] o.s.s.concurrent.ThreadPoolTaskExecutor  : Initializing ExecutorService 'applicationTaskExecutor'
2020-05-13 18:17:44.648  INFO 12123 --- [main] o.s.b.a.e.web.EndpointLinksResolver      : Exposing 2 endpoint(s) beneath base path '/actuator'
2020-05-13 18:17:44.698  INFO 12123 --- [main] c.z.r.c.metadata.MetadataServiceTest     : Started MetadataServiceTest in 3.461 seconds (JVM running for 7.396)
2020-05-13 18:17:44.941  INFO 12123 --- [main] o.s.t.c.s.DefaultTestContextBootstrapper : Neither @ContextConfiguration nor @ContextHierarchy found for test class [com.zone24x7.rac.configservice.metadata.MetadataServiceTest$AddPlaceholder], using DelegatingSmartContextLoader
2020-05-13 18:17:44.942  INFO 12123 --- [main] o.s.t.c.support.AbstractContextLoader    : Could not detect default resource locations for test class [com.zone24x7.rac.configservice.metadata.MetadataServiceTest$AddPlaceholder]: no resource found for suffixes {-context.xml}.
2020-05-13 18:17:44.943  INFO 12123 --- [main] t.c.s.AnnotationConfigContextLoaderUtils : Could not detect default configuration classes for test class [com.zone24x7.rac.configservice.metadata.MetadataServiceTest$AddPlaceholder]: AddPlaceholder does not declare any static, non-private, non-final, nested classes annotated with @Configuration.
2020-05-13 18:17:44.945  INFO 12123 --- [main] o.s.t.c.s.DefaultTestContextBootstrapper : Loaded default TestExecutionListener class names from location [META-INF/spring.factories]: [org.springframework.boot.test.mock.mockito.MockitoTestExecutionListener, org.springframework.boot.test.mock.mockito.ResetMocksTestExecutionListener, org.springframework.boot.test.autoconfigure.restdocs.RestDocsTestExecutionListener, org.springframework.boot.test.autoconfigure.web.client.MockRestServiceServerResetTestExecutionListener, org.springframework.boot.test.autoconfigure.web.servlet.MockMvcPrintOnlyOnFailureTestExecutionListener, org.springframework.boot.test.autoconfigure.web.servlet.WebDriverTestExecutionListener, org.springframework.test.context.web.ServletTestExecutionListener, org.springframework.test.context.support.DirtiesContextBeforeModesTestExecutionListener, org.springframework.test.context.support.DependencyInjectionTestExecutionListener, org.springframework.test.context.support.DirtiesContextTestExecutionListener, org.springframework.test.context.transaction.TransactionalTestExecutionListener, org.springframework.test.context.jdbc.SqlScriptsTestExecutionListener, org.springframework.test.context.event.EventPublishingTestExecutionListener]
2020-05-13 18:17:44.946  INFO 12123 --- [main] o.s.t.c.s.DefaultTestContextBootstrapper : Using TestExecutionListeners: [org.springframework.test.context.web.ServletTestExecutionListener@58945295, org.springframework.test.context.support.DirtiesContextBeforeModesTestExecutionListener@b63365c, org.springframework.boot.test.mock.mockito.MockitoTestExecutionListener@6839d03b, org.springframework.test.context.support.DependencyInjectionTestExecutionListener@a44ad33, org.springframework.test.context.support.DirtiesContextTestExecutionListener@703e5614, org.springframework.test.context.transaction.TransactionalTestExecutionListener@627d5f99, org.springframework.test.context.jdbc.SqlScriptsTestExecutionListener@44e3f3e5, org.springframework.test.context.event.EventPublishingTestExecutionListener@6be1f37f, org.springframework.boot.test.mock.mockito.ResetMocksTestExecutionListener@69ed96e1, org.springframework.boot.test.autoconfigure.restdocs.RestDocsTestExecutionListener@61648dd2, org.springframework.boot.test.autoconfigure.web.client.MockRestServiceServerResetTestExecutionListener@3ac326c0, org.springframework.boot.test.autoconfigure.web.servlet.MockMvcPrintOnlyOnFailureTestExecutionListener@5e5d40ec, org.springframework.boot.test.autoconfigure.web.servlet.WebDriverTestExecutionListener@5b028f58]
2020-05-13 18:17:44.991  INFO 12123 --- [main] o.s.t.c.s.DefaultTestContextBootstrapper : Neither @ContextConfiguration nor @ContextHierarchy found for test class [com.zone24x7.rac.configservice.metadata.MetadataServiceTest$AddPage], using DelegatingSmartContextLoader
2020-05-13 18:17:44.991  INFO 12123 --- [main] o.s.t.c.support.AbstractContextLoader    : Could not detect default resource locations for test class [com.zone24x7.rac.configservice.metadata.MetadataServiceTest$AddPage]: no resource found for suffixes {-context.xml}.
2020-05-13 18:17:44.991  INFO 12123 --- [main] t.c.s.AnnotationConfigContextLoaderUtils : Could not detect default configuration classes for test class [com.zone24x7.rac.configservice.metadata.MetadataServiceTest$AddPage]: AddPage does not declare any static, non-private, non-final, nested classes annotated with @Configuration.
2020-05-13 18:17:44.992  INFO 12123 --- [main] o.s.t.c.s.DefaultTestContextBootstrapper : Loaded default TestExecutionListener class names from location [META-INF/spring.factories]: [org.springframework.boot.test.mock.mockito.MockitoTestExecutionListener, org.springframework.boot.test.mock.mockito.ResetMocksTestExecutionListener, org.springframework.boot.test.autoconfigure.restdocs.RestDocsTestExecutionListener, org.springframework.boot.test.autoconfigure.web.client.MockRestServiceServerResetTestExecutionListener, org.springframework.boot.test.autoconfigure.web.servlet.MockMvcPrintOnlyOnFailureTestExecutionListener, org.springframework.boot.test.autoconfigure.web.servlet.WebDriverTestExecutionListener, org.springframework.test.context.web.ServletTestExecutionListener, org.springframework.test.context.support.DirtiesContextBeforeModesTestExecutionListener, org.springframework.test.context.support.DependencyInjectionTestExecutionListener, org.springframework.test.context.support.DirtiesContextTestExecutionListener, org.springframework.test.context.transaction.TransactionalTestExecutionListener, org.springframework.test.context.jdbc.SqlScriptsTestExecutionListener, org.springframework.test.context.event.EventPublishingTestExecutionListener]
2020-05-13 18:17:44.993  INFO 12123 --- [main] o.s.t.c.s.DefaultTestContextBootstrapper : Using TestExecutionListeners: [org.springframework.test.context.web.ServletTestExecutionListener@7253c53, org.springframework.test.context.support.DirtiesContextBeforeModesTestExecutionListener@66d6e50b, org.springframework.boot.test.mock.mockito.MockitoTestExecutionListener@64829470, org.springframework.test.context.support.DependencyInjectionTestExecutionListener@1f95158a, org.springframework.test.context.support.DirtiesContextTestExecutionListener@31fc658f, org.springframework.test.context.transaction.TransactionalTestExecutionListener@60d32006, org.springframework.test.context.jdbc.SqlScriptsTestExecutionListener@10820978, org.springframework.test.context.event.EventPublishingTestExecutionListener@278c67a7, org.springframework.boot.test.mock.mockito.ResetMocksTestExecutionListener@758ebec4, org.springframework.boot.test.autoconfigure.restdocs.RestDocsTestExecutionListener@c247363, org.springframework.boot.test.autoconfigure.web.client.MockRestServiceServerResetTestExecutionListener@c6d7256, org.springframework.boot.test.autoconfigure.web.servlet.MockMvcPrintOnlyOnFailureTestExecutionListener@48188d23, org.springframework.boot.test.autoconfigure.web.servlet.WebDriverTestExecutionListener@4860627a]
2020-05-13 18:17:45.033  INFO 12123 --- [main] o.s.t.c.s.DefaultTestContextBootstrapper : Neither @ContextConfiguration nor @ContextHierarchy found for test class [com.zone24x7.rac.configservice.metadata.MetadataServiceTest$AddChannel], using DelegatingSmartContextLoader
2020-05-13 18:17:45.034  INFO 12123 --- [main] o.s.t.c.support.AbstractContextLoader    : Could not detect default resource locations for test class [com.zone24x7.rac.configservice.metadata.MetadataServiceTest$AddChannel]: no resource found for suffixes {-context.xml}.
2020-05-13 18:17:45.035  INFO 12123 --- [main] t.c.s.AnnotationConfigContextLoaderUtils : Could not detect default configuration classes for test class [com.zone24x7.rac.configservice.metadata.MetadataServiceTest$AddChannel]: AddChannel does not declare any static, non-private, non-final, nested classes annotated with @Configuration.
2020-05-13 18:17:45.036  INFO 12123 --- [main] o.s.t.c.s.DefaultTestContextBootstrapper : Loaded default TestExecutionListener class names from location [META-INF/spring.factories]: [org.springframework.boot.test.mock.mockito.MockitoTestExecutionListener, org.springframework.boot.test.mock.mockito.ResetMocksTestExecutionListener, org.springframework.boot.test.autoconfigure.restdocs.RestDocsTestExecutionListener, org.springframework.boot.test.autoconfigure.web.client.MockRestServiceServerResetTestExecutionListener, org.springframework.boot.test.autoconfigure.web.servlet.MockMvcPrintOnlyOnFailureTestExecutionListener, org.springframework.boot.test.autoconfigure.web.servlet.WebDriverTestExecutionListener, org.springframework.test.context.web.ServletTestExecutionListener, org.springframework.test.context.support.DirtiesContextBeforeModesTestExecutionListener, org.springframework.test.context.support.DependencyInjectionTestExecutionListener, org.springframework.test.context.support.DirtiesContextTestExecutionListener, org.springframework.test.context.transaction.TransactionalTestExecutionListener, org.springframework.test.context.jdbc.SqlScriptsTestExecutionListener, org.springframework.test.context.event.EventPublishingTestExecutionListener]
2020-05-13 18:17:45.037  INFO 12123 --- [main] o.s.t.c.s.DefaultTestContextBootstrapper : Using TestExecutionListeners: [org.springframework.test.context.web.ServletTestExecutionListener@25b8f9d2, org.springframework.test.context.support.DirtiesContextBeforeModesTestExecutionListener@2979c6ef, org.springframework.boot.test.mock.mockito.MockitoTestExecutionListener@1af6974c, org.springframework.test.context.support.DependencyInjectionTestExecutionListener@61d61b0e, org.springframework.test.context.support.DirtiesContextTestExecutionListener@3c2188f, org.springframework.test.context.transaction.TransactionalTestExecutionListener@646bf8a6, org.springframework.test.context.jdbc.SqlScriptsTestExecutionListener@4a094f90, org.springframework.test.context.event.EventPublishingTestExecutionListener@1b5623b4, org.springframework.boot.test.mock.mockito.ResetMocksTestExecutionListener@8c34631, org.springframework.boot.test.autoconfigure.restdocs.RestDocsTestExecutionListener@33563147, org.springframework.boot.test.autoconfigure.web.client.MockRestServiceServerResetTestExecutionListener@33239d72, org.springframework.boot.test.autoconfigure.web.servlet.MockMvcPrintOnlyOnFailureTestExecutionListener@19c24321, org.springframework.boot.test.autoconfigure.web.servlet.WebDriverTestExecutionListener@ba27ce6]
2020-05-13 18:17:45.091  INFO 12123 --- [SpringContextShutdownHook] o.s.s.concurrent.ThreadPoolTaskExecutor  : Shutting down ExecutorService 'applicationTaskExecutor'
2020-05-13 18:17:45.113  INFO 12123 --- [SpringContextShutdownHook] o.s.s.concurrent.ThreadPoolTaskExecutor  : Shutting down ExecutorService 'applicationTaskExecutor'
2020-05-13 18:17:45.117  INFO 12123 --- [SpringContextShutdownHook] j.LocalContainerEntityManagerFactoryBean : Closing JPA EntityManagerFactory for persistence unit 'default'
2020-05-13 18:17:45.119  INFO 12123 --- [SpringContextShutdownHook] com.zaxxer.hikari.HikariDataSource       : HikariPool-1 - Shutdown initiated...
2020-05-13 18:17:45.163  INFO 12123 --- [SpringContextShutdownHook] com.zaxxer.hikari.HikariDataSource       : HikariPool-1 - Shutdown completed.
2020-05-13 18:18:09.910  INFO 12137 --- [main] c.z.r.c.RacConfigServiceApplication      : Starting RacConfigServiceApplication on DINESH-W with PID 12137 (/Users/dineshw/Drive/Projects/RAC/Code/rac-config-service/target/classes started by dineshw in /Users/dineshw/Drive/Projects/RAC/Code/rac-config-service)
2020-05-13 18:18:09.913  INFO 12137 --- [main] c.z.r.c.RacConfigServiceApplication      : No active profile set, falling back to default profiles: default
2020-05-13 18:18:10.635  INFO 12137 --- [main] .s.d.r.c.RepositoryConfigurationDelegate : Bootstrapping Spring Data JPA repositories in DEFAULT mode.
2020-05-13 18:18:10.707  INFO 12137 --- [main] .s.d.r.c.RepositoryConfigurationDelegate : Finished Spring Data repository scanning in 65ms. Found 5 JPA repository interfaces.
2020-05-13 18:18:11.099  INFO 12137 --- [main] o.s.b.w.embedded.tomcat.TomcatWebServer  : Tomcat initialized with port(s): 8081 (http)
2020-05-13 18:18:11.105  INFO 12137 --- [main] o.apache.catalina.core.StandardService   : Starting service [Tomcat]
2020-05-13 18:18:11.105  INFO 12137 --- [main] org.apache.catalina.core.StandardEngine  : Starting Servlet engine: [Apache Tomcat/9.0.33]
2020-05-13 18:18:11.169  INFO 12137 --- [main] o.a.c.c.C.[Tomcat].[localhost].[/]       : Initializing Spring embedded WebApplicationContext
2020-05-13 18:18:11.170  INFO 12137 --- [main] o.s.web.context.ContextLoader            : Root WebApplicationContext: initialization completed in 1225 ms
2020-05-13 18:18:11.441  INFO 12137 --- [main] com.zaxxer.hikari.HikariDataSource       : HikariPool-1 - Starting...
2020-05-13 18:18:11.525  INFO 12137 --- [main] com.zaxxer.hikari.HikariDataSource       : HikariPool-1 - Start completed.
2020-05-13 18:18:11.626  INFO 12137 --- [main] o.hibernate.jpa.internal.util.LogHelper  : HHH000204: Processing PersistenceUnitInfo [name: default]
2020-05-13 18:18:11.678  INFO 12137 --- [main] org.hibernate.Version                    : HHH000412: Hibernate ORM core version 5.4.12.Final
2020-05-13 18:18:11.765  INFO 12137 --- [main] o.hibernate.annotations.common.Version   : HCANN000001: Hibernate Commons Annotations {5.1.0.Final}
2020-05-13 18:18:11.844  INFO 12137 --- [main] org.hibernate.dialect.Dialect            : HHH000400: Using dialect: org.hibernate.dialect.MariaDB103Dialect
2020-05-13 18:18:12.392  INFO 12137 --- [main] o.h.e.t.j.p.i.JtaPlatformInitiator       : HHH000490: Using JtaPlatform implementation: [org.hibernate.engine.transaction.jta.platform.internal.NoJtaPlatform]
2020-05-13 18:18:12.399  INFO 12137 --- [main] j.LocalContainerEntityManagerFactoryBean : Initialized JPA EntityManagerFactory for persistence unit 'default'
2020-05-13 18:18:12.775  WARN 12137 --- [main] JpaBaseConfiguration$JpaWebConfiguration : spring.jpa.open-in-view is enabled by default. Therefore, database queries may be performed during view rendering. Explicitly configure spring.jpa.open-in-view to disable this warning
2020-05-13 18:18:12.836  INFO 12137 --- [main] o.s.s.concurrent.ThreadPoolTaskExecutor  : Initializing ExecutorService 'applicationTaskExecutor'
2020-05-13 18:18:13.124  INFO 12137 --- [main] o.s.b.a.e.web.EndpointLinksResolver      : Exposing 2 endpoint(s) beneath base path '/actuator'
2020-05-13 18:18:13.186  INFO 12137 --- [main] o.s.b.w.embedded.tomcat.TomcatWebServer  : Tomcat started on port(s): 8081 (http) with context path ''
2020-05-13 18:18:13.188  INFO 12137 --- [main] c.z.r.c.RacConfigServiceApplication      : Started RacConfigServiceApplication in 3.54 seconds (JVM running for 4.016)
2020-05-13 18:18:13.398  INFO 12137 --- [RMI TCP Connection(2)-192.168.1.3] o.a.c.c.C.[Tomcat].[localhost].[/]       : Initializing Spring DispatcherServlet 'dispatcherServlet'
2020-05-13 18:18:13.399  INFO 12137 --- [RMI TCP Connection(2)-192.168.1.3] o.s.web.servlet.DispatcherServlet        : Initializing Servlet 'dispatcherServlet'
2020-05-13 18:18:13.404  INFO 12137 --- [RMI TCP Connection(2)-192.168.1.3] o.s.web.servlet.DispatcherServlet        : Completed initialization in 5 ms
2020-05-13 18:19:50.760  INFO 12137 --- [SpringContextShutdownHook] o.s.s.concurrent.ThreadPoolTaskExecutor  : Shutting down ExecutorService 'applicationTaskExecutor'
2020-05-13 18:19:50.762  INFO 12137 --- [SpringContextShutdownHook] j.LocalContainerEntityManagerFactoryBean : Closing JPA EntityManagerFactory for persistence unit 'default'
2020-05-13 18:19:50.763  INFO 12137 --- [SpringContextShutdownHook] com.zaxxer.hikari.HikariDataSource       : HikariPool-1 - Shutdown initiated...
2020-05-13 18:19:50.801  INFO 12137 --- [SpringContextShutdownHook] com.zaxxer.hikari.HikariDataSource       : HikariPool-1 - Shutdown completed.
2020-05-13 18:19:55.060  INFO 12185 --- [main] c.z.r.c.RacConfigServiceApplication      : Starting RacConfigServiceApplication on DINESH-W with PID 12185 (/Users/dineshw/Drive/Projects/RAC/Code/rac-config-service/target/classes started by dineshw in /Users/dineshw/Drive/Projects/RAC/Code/rac-config-service)
2020-05-13 18:19:55.062  INFO 12185 --- [main] c.z.r.c.RacConfigServiceApplication      : No active profile set, falling back to default profiles: default
2020-05-13 18:19:55.827  INFO 12185 --- [main] .s.d.r.c.RepositoryConfigurationDelegate : Bootstrapping Spring Data JPA repositories in DEFAULT mode.
2020-05-13 18:19:55.896  INFO 12185 --- [main] .s.d.r.c.RepositoryConfigurationDelegate : Finished Spring Data repository scanning in 61ms. Found 5 JPA repository interfaces.
2020-05-13 18:19:56.311  INFO 12185 --- [main] o.s.b.w.embedded.tomcat.TomcatWebServer  : Tomcat initialized with port(s): 8081 (http)
2020-05-13 18:19:56.317  INFO 12185 --- [main] o.apache.catalina.core.StandardService   : Starting service [Tomcat]
2020-05-13 18:19:56.317  INFO 12185 --- [main] org.apache.catalina.core.StandardEngine  : Starting Servlet engine: [Apache Tomcat/9.0.33]
2020-05-13 18:19:56.384  INFO 12185 --- [main] o.a.c.c.C.[Tomcat].[localhost].[/]       : Initializing Spring embedded WebApplicationContext
2020-05-13 18:19:56.385  INFO 12185 --- [main] o.s.web.context.ContextLoader            : Root WebApplicationContext: initialization completed in 1290 ms
2020-05-13 18:19:56.647  INFO 12185 --- [main] com.zaxxer.hikari.HikariDataSource       : HikariPool-1 - Starting...
2020-05-13 18:19:56.710  INFO 12185 --- [main] com.zaxxer.hikari.HikariDataSource       : HikariPool-1 - Start completed.
2020-05-13 18:19:56.822  INFO 12185 --- [main] o.hibernate.jpa.internal.util.LogHelper  : HHH000204: Processing PersistenceUnitInfo [name: default]
2020-05-13 18:19:56.871  INFO 12185 --- [main] org.hibernate.Version                    : HHH000412: Hibernate ORM core version 5.4.12.Final
2020-05-13 18:19:56.961  INFO 12185 --- [main] o.hibernate.annotations.common.Version   : HCANN000001: Hibernate Commons Annotations {5.1.0.Final}
2020-05-13 18:19:57.042  INFO 12185 --- [main] org.hibernate.dialect.Dialect            : HHH000400: Using dialect: org.hibernate.dialect.MariaDB103Dialect
2020-05-13 18:19:57.499  INFO 12185 --- [main] o.h.e.t.j.p.i.JtaPlatformInitiator       : HHH000490: Using JtaPlatform implementation: [org.hibernate.engine.transaction.jta.platform.internal.NoJtaPlatform]
2020-05-13 18:19:57.505  INFO 12185 --- [main] j.LocalContainerEntityManagerFactoryBean : Initialized JPA EntityManagerFactory for persistence unit 'default'
2020-05-13 18:19:57.889  WARN 12185 --- [main] JpaBaseConfiguration$JpaWebConfiguration : spring.jpa.open-in-view is enabled by default. Therefore, database queries may be performed during view rendering. Explicitly configure spring.jpa.open-in-view to disable this warning
2020-05-13 18:19:57.947  INFO 12185 --- [main] o.s.s.concurrent.ThreadPoolTaskExecutor  : Initializing ExecutorService 'applicationTaskExecutor'
2020-05-13 18:19:58.236  INFO 12185 --- [main] o.s.b.a.e.web.EndpointLinksResolver      : Exposing 2 endpoint(s) beneath base path '/actuator'
2020-05-13 18:19:58.295  INFO 12185 --- [main] o.s.b.w.embedded.tomcat.TomcatWebServer  : Tomcat started on port(s): 8081 (http) with context path ''
2020-05-13 18:19:58.297  INFO 12185 --- [main] c.z.r.c.RacConfigServiceApplication      : Started RacConfigServiceApplication in 3.513 seconds (JVM running for 4.019)
2020-05-13 18:19:58.493  INFO 12185 --- [RMI TCP Connection(1)-192.168.1.3] o.a.c.c.C.[Tomcat].[localhost].[/]       : Initializing Spring DispatcherServlet 'dispatcherServlet'
2020-05-13 18:19:58.493  INFO 12185 --- [RMI TCP Connection(1)-192.168.1.3] o.s.web.servlet.DispatcherServlet        : Initializing Servlet 'dispatcherServlet'
2020-05-13 18:19:58.498  INFO 12185 --- [RMI TCP Connection(1)-192.168.1.3] o.s.web.servlet.DispatcherServlet        : Completed initialization in 5 ms
2020-05-13 18:23:09.200  INFO 12185 --- [SpringContextShutdownHook] o.s.s.concurrent.ThreadPoolTaskExecutor  : Shutting down ExecutorService 'applicationTaskExecutor'
2020-05-13 18:23:09.202  INFO 12185 --- [SpringContextShutdownHook] j.LocalContainerEntityManagerFactoryBean : Closing JPA EntityManagerFactory for persistence unit 'default'
2020-05-13 18:23:09.203  INFO 12185 --- [SpringContextShutdownHook] com.zaxxer.hikari.HikariDataSource       : HikariPool-1 - Shutdown initiated...
2020-05-13 18:23:09.242  INFO 12185 --- [SpringContextShutdownHook] com.zaxxer.hikari.HikariDataSource       : HikariPool-1 - Shutdown completed.
